  antidbg.cpp
  auth.cpp
C:\Program Files (x86)\Microsoft Visual Studio\2019\Community\VC\Tools\MSVC\14.28.29910\include\xstring(2468,23): warning C4244: "Argument": Konvertierung von "wchar_t" in "const _Elem", möglicher Datenverlust
          with
          [
              _Elem=char
          ]
C:\Program Files (x86)\Microsoft Visual Studio\2019\Community\VC\Tools\MSVC\14.28.29910\include\xstring(2479): message : Siehe Verweis auf die gerade kompilierte Instanziierung "void std::basic_string<char,std::char_traits<char>,std::allocator<char>>::_Construct<wchar_t*>(_Iter,const _Iter,std::input_iterator_tag)" der Funktions-Vorlage.
          with
          [
              _Iter=wchar_t *
          ]
C:\Program Files (x86)\Microsoft Visual Studio\2019\Community\VC\Tools\MSVC\14.28.29910\include\xstring(2479): message : Siehe Verweis auf die gerade kompilierte Instanziierung "void std::basic_string<char,std::char_traits<char>,std::allocator<char>>::_Construct<wchar_t*>(_Iter,const _Iter,std::input_iterator_tag)" der Funktions-Vorlage.
          with
          [
              _Iter=wchar_t *
          ]
C:\Program Files (x86)\Microsoft Visual Studio\2019\Community\VC\Tools\MSVC\14.28.29910\include\xstring(2459): message : Siehe Verweis auf die gerade kompilierte Instanziierung "void std::basic_string<char,std::char_traits<char>,std::allocator<char>>::_Construct<wchar_t*>(const _Iter,const _Iter,std::forward_iterator_tag)" der Funktions-Vorlage.
          with
          [
              _Iter=wchar_t *
          ]
C:\Program Files (x86)\Microsoft Visual Studio\2019\Community\VC\Tools\MSVC\14.28.29910\include\xstring(2459): message : Siehe Verweis auf die gerade kompilierte Instanziierung "void std::basic_string<char,std::char_traits<char>,std::allocator<char>>::_Construct<wchar_t*>(const _Iter,const _Iter,std::forward_iterator_tag)" der Funktions-Vorlage.
          with
          [
              _Iter=wchar_t *
          ]
D:\work\loaders\static_loader_system_start\static_loader\auth.cpp(119): message : Siehe Verweis auf die gerade kompilierte Instanziierung "std::basic_string<char,std::char_traits<char>,std::allocator<char>>::basic_string<std::_String_iterator<std::_String_val<std::_Simple_types<_Elem>>>,0>(_Iter,_Iter,const _Alloc &)" der Funktions-Vorlage.
          with
          [
              _Elem=wchar_t,
              _Iter=std::_String_iterator<std::_String_val<std::_Simple_types<wchar_t>>>,
              _Alloc=std::allocator<char>
          ]
D:\work\loaders\static_loader_system_start\static_loader\auth.cpp(119): message : Siehe Verweis auf die gerade kompilierte Instanziierung "std::basic_string<char,std::char_traits<char>,std::allocator<char>>::basic_string<std::_String_iterator<std::_String_val<std::_Simple_types<_Elem>>>,0>(_Iter,_Iter,const _Alloc &)" der Funktions-Vorlage.
          with
          [
              _Elem=wchar_t,
              _Iter=std::_String_iterator<std::_String_val<std::_Simple_types<wchar_t>>>,
              _Alloc=std::allocator<char>
          ]
  crypt.cpp
D:\work\loaders\static_loader_system_start\static_loader\crypt.cpp(22,40): warning C4267: "Initialisierung": Konvertierung von "size_t" nach "unsigned long", Datenverlust möglich
D:\work\loaders\static_loader_system_start\static_loader\crypt.cpp(23,42): warning C4267: "Initialisierung": Konvertierung von "size_t" nach "unsigned long", Datenverlust möglich
  mem_protection.cpp
  service.cpp
  static_loader.cpp
  utils.cpp
  Code wird generiert...
  pom_valo.lib(xBase.obj) : Es wurde ein mit /GL kompiliertes MSIL .netmodule oder module gefunden. Verknüpfung wird mit /LTCG erneut gestartet. Fügen Sie /LTCG zur Linkbefehlszeile hinzu, um die Linkerleistung zu erhöhen.
LINK : warning LNK4075: /INCREMENTAL wird aufgrund der Angabe von /LTCG ignoriert.
pom_valo.lib(xBase.obj) : error LNK2038: Konflikt ermittelt für "_ITERATOR_DEBUG_LEVEL": Der Wert "0" stimmt nicht mit dem Wert "2" in antidbg.obj überein.
pom_valo.lib(xBase.obj) : error LNK2038: Konflikt ermittelt für "RuntimeLibrary": Der Wert "MD_DynamicRelease" stimmt nicht mit dem Wert "MDd_DynamicDebug" in antidbg.obj überein.
pom_valo.lib(globals.obj) : error LNK2038: Konflikt ermittelt für "_ITERATOR_DEBUG_LEVEL": Der Wert "0" stimmt nicht mit dem Wert "2" in antidbg.obj überein.
pom_valo.lib(globals.obj) : error LNK2038: Konflikt ermittelt für "RuntimeLibrary": Der Wert "MD_DynamicRelease" stimmt nicht mit dem Wert "MDd_DynamicDebug" in antidbg.obj überein.
pom_valo.lib(core.obj) : error LNK2038: Konflikt ermittelt für "_ITERATOR_DEBUG_LEVEL": Der Wert "0" stimmt nicht mit dem Wert "2" in antidbg.obj überein.
pom_valo.lib(core.obj) : error LNK2038: Konflikt ermittelt für "RuntimeLibrary": Der Wert "MD_DynamicRelease" stimmt nicht mit dem Wert "MDd_DynamicDebug" in antidbg.obj überein.
pom_valo.lib(srcns.obj) : error LNK2038: Konflikt ermittelt für "_ITERATOR_DEBUG_LEVEL": Der Wert "0" stimmt nicht mit dem Wert "2" in antidbg.obj überein.
pom_valo.lib(srcns.obj) : error LNK2038: Konflikt ermittelt für "RuntimeLibrary": Der Wert "MD_DynamicRelease" stimmt nicht mit dem Wert "MDd_DynamicDebug" in antidbg.obj überein.
pom_valo.lib(utils.obj) : error LNK2038: Konflikt ermittelt für "_ITERATOR_DEBUG_LEVEL": Der Wert "0" stimmt nicht mit dem Wert "2" in antidbg.obj überein.
pom_valo.lib(utils.obj) : error LNK2038: Konflikt ermittelt für "RuntimeLibrary": Der Wert "MD_DynamicRelease" stimmt nicht mit dem Wert "MDd_DynamicDebug" in antidbg.obj überein.
pom_valo.lib(engine.obj) : error LNK2038: Konflikt ermittelt für "_ITERATOR_DEBUG_LEVEL": Der Wert "0" stimmt nicht mit dem Wert "2" in antidbg.obj überein.
pom_valo.lib(engine.obj) : error LNK2038: Konflikt ermittelt für "RuntimeLibrary": Der Wert "MD_DynamicRelease" stimmt nicht mit dem Wert "MDd_DynamicDebug" in antidbg.obj überein.
pom_valo.lib(definitions.obj) : error LNK2038: Konflikt ermittelt für "_ITERATOR_DEBUG_LEVEL": Der Wert "0" stimmt nicht mit dem Wert "2" in antidbg.obj überein.
pom_valo.lib(definitions.obj) : error LNK2038: Konflikt ermittelt für "RuntimeLibrary": Der Wert "MD_DynamicRelease" stimmt nicht mit dem Wert "MDd_DynamicDebug" in antidbg.obj überein.
pom_valo.lib(decryptor.obj) : error LNK2038: Konflikt ermittelt für "_ITERATOR_DEBUG_LEVEL": Der Wert "0" stimmt nicht mit dem Wert "2" in antidbg.obj überein.
pom_valo.lib(decryptor.obj) : error LNK2038: Konflikt ermittelt für "RuntimeLibrary": Der Wert "MD_DynamicRelease" stimmt nicht mit dem Wert "MDd_DynamicDebug" in antidbg.obj überein.
pom_valo.lib(magic.obj) : error LNK2038: Konflikt ermittelt für "_ITERATOR_DEBUG_LEVEL": Der Wert "0" stimmt nicht mit dem Wert "2" in antidbg.obj überein.
pom_valo.lib(magic.obj) : error LNK2038: Konflikt ermittelt für "RuntimeLibrary": Der Wert "MD_DynamicRelease" stimmt nicht mit dem Wert "MDd_DynamicDebug" in antidbg.obj überein.
pom_valo.lib(dx11_comp.obj) : error LNK2038: Konflikt ermittelt für "_ITERATOR_DEBUG_LEVEL": Der Wert "0" stimmt nicht mit dem Wert "2" in antidbg.obj überein.
pom_valo.lib(dx11_comp.obj) : error LNK2038: Konflikt ermittelt für "RuntimeLibrary": Der Wert "MD_DynamicRelease" stimmt nicht mit dem Wert "MDd_DynamicDebug" in antidbg.obj überein.
MSVCRTD.lib(initializers.obj) : warning LNK4098: Standardbibliothek "msvcrt.lib" steht in Konflikt mit anderen Bibliotheken; /NODEFAULTLIB:Bibliothek verwenden.
MSVCRTD.lib(initializers.obj) : warning LNK4098: Standardbibliothek "libcmt.lib" steht in Konflikt mit anderen Bibliotheken; /NODEFAULTLIB:Bibliothek verwenden.
D:\work\loaders\static_loader_system_start\x64\Debug\static_loader.exe : fatal error LNK1319: 20 Konflikte ermittelt
