d:\work\static_loader\static_loader\x64\debug\vc142.pdb
d:\work\static_loader\static_loader\x64\debug\vc142.idb
d:\work\static_loader\static_loader\x64\debug\utils.obj
d:\work\static_loader\static_loader\x64\debug\static_loader.obj
d:\work\static_loader\static_loader\x64\debug\service.obj
d:\work\static_loader\static_loader\x64\debug\mem_protection.obj
d:\work\static_loader\static_loader\x64\debug\crypt.obj
d:\work\static_loader\static_loader\x64\debug\auth.obj
d:\work\static_loader\static_loader\x64\debug\antidbg.obj
d:\work\loaders\static_loader_system_start\static_loader\x64\debug\antidbg.obj
d:\work\loaders\static_loader_system_start\static_loader\x64\debug\auth.obj
d:\work\loaders\static_loader_system_start\static_loader\x64\debug\crypt.obj
d:\work\loaders\static_loader_system_start\static_loader\x64\debug\mem_protection.obj
d:\work\loaders\static_loader_system_start\static_loader\x64\debug\service.obj
d:\work\loaders\static_loader_system_start\static_loader\x64\debug\static_loader.obj
d:\work\loaders\static_loader_system_start\static_loader\x64\debug\utils.obj
d:\work\loaders\static_loader_system_start\static_loader\x64\debug\vc142.idb
d:\work\loaders\static_loader_system_start\static_loader\x64\debug\vc142.pdb
d:\work\loaders\static_loader_system_start\static_loader\x64\debug\static_loader.tlog\cl.command.1.tlog
d:\work\loaders\static_loader_system_start\static_loader\x64\debug\static_loader.tlog\cl.read.1.tlog
d:\work\loaders\static_loader_system_start\static_loader\x64\debug\static_loader.tlog\cl.write.1.tlog
d:\work\loaders\static_loader_system_start\static_loader\x64\debug\static_loader.tlog\link.8156.read.1.tlog
d:\work\loaders\static_loader_system_start\static_loader\x64\debug\static_loader.tlog\link.8156.write.1.tlog
d:\work\loaders\static_loader_system_start\static_loader\x64\debug\static_loader.tlog\link.command.1.tlog
d:\work\loaders\static_loader_system_start\static_loader\x64\debug\static_loader.tlog\link.read.1.tlog
d:\work\loaders\static_loader_system_start\static_loader\x64\debug\static_loader.tlog\link.write.1.tlog
