d:\work\cheats\valorant_private\xbase\x64\release\vc142.pdb
d:\work\cheats\valorant_private\xbase\x64\release\xbase.obj
d:\work\cheats\valorant_private\xbase\x64\release\utils.obj
d:\work\cheats\valorant_private\xbase\x64\release\srcns.obj
d:\work\cheats\valorant_private\xbase\x64\release\magic.obj
d:\work\cheats\valorant_private\xbase\x64\release\imgui_widgets.obj
d:\work\cheats\valorant_private\xbase\x64\release\imgui_tables.obj
d:\work\cheats\valorant_private\xbase\x64\release\imgui_impl_win32.obj
d:\work\cheats\valorant_private\xbase\x64\release\imgui_impl_dx11.obj
d:\work\cheats\valorant_private\xbase\x64\release\imgui_draw.obj
d:\work\cheats\valorant_private\xbase\x64\release\imgui_demo.obj
d:\work\cheats\valorant_private\xbase\x64\release\imgui.obj
d:\work\cheats\valorant_private\xbase\x64\release\globals.obj
d:\work\cheats\valorant_private\xbase\x64\release\engine.obj
d:\work\cheats\valorant_private\xbase\x64\release\dx11_comp.obj
d:\work\cheats\valorant_private\xbase\x64\release\definitions.obj
d:\work\cheats\valorant_private\xbase\x64\release\decryptor.obj
d:\work\cheats\valorant_private\xbase\x64\release\core.obj
d:\work\cheats\valorant_private\x64\release\valorant_private_pom.exe
d:\work\cheats\valorant_private\xbase\x64\release\valorant_private_pom.ipdb
d:\work\cheats\valorant_private\xbase\x64\release\valorant_private_pom.iobj
d:\work\cheats\valorant_private\x64\release\valorant_private_pom.pdb
d:\work\cheats\valorant_private\xbase\x64\release\valorant.3565e949.tlog\cl.command.1.tlog
d:\work\cheats\valorant_private\xbase\x64\release\valorant.3565e949.tlog\cl.read.1.tlog
d:\work\cheats\valorant_private\xbase\x64\release\valorant.3565e949.tlog\cl.write.1.tlog
d:\work\cheats\valorant_private\xbase\x64\release\valorant.3565e949.tlog\link.command.1.tlog
d:\work\cheats\valorant_private\xbase\x64\release\valorant.3565e949.tlog\link.read.1.tlog
d:\work\cheats\valorant_private\xbase\x64\release\valorant.3565e949.tlog\link.write.1.tlog
