c:\users\r1k\desktop\git_share\valorant\xbase\x64\debug\vc142.pdb
c:\users\r1k\desktop\git_share\valorant\xbase\x64\debug\vc142.idb
c:\users\r1k\desktop\git_share\valorant\xbase\x64\debug\xbase.obj
c:\users\r1k\desktop\git_share\valorant\xbase\x64\debug\utils.obj
c:\users\r1k\desktop\git_share\valorant\xbase\x64\debug\srcns.obj
c:\users\r1k\desktop\git_share\valorant\xbase\x64\debug\magic.obj
c:\users\r1k\desktop\git_share\valorant\xbase\x64\debug\imgui_widgets.obj
c:\users\r1k\desktop\git_share\valorant\xbase\x64\debug\imgui_tables.obj
c:\users\r1k\desktop\git_share\valorant\xbase\x64\debug\imgui_impl_win32.obj
c:\users\r1k\desktop\git_share\valorant\xbase\x64\debug\imgui_impl_dx11.obj
c:\users\r1k\desktop\git_share\valorant\xbase\x64\debug\imgui_draw.obj
c:\users\r1k\desktop\git_share\valorant\xbase\x64\debug\imgui_demo.obj
c:\users\r1k\desktop\git_share\valorant\xbase\x64\debug\imgui.obj
c:\users\r1k\desktop\git_share\valorant\xbase\x64\debug\globals.obj
c:\users\r1k\desktop\git_share\valorant\xbase\x64\debug\engine.obj
c:\users\r1k\desktop\git_share\valorant\xbase\x64\debug\dx11_comp.obj
c:\users\r1k\desktop\git_share\valorant\xbase\x64\debug\definitions.obj
c:\users\r1k\desktop\git_share\valorant\xbase\x64\debug\decryptor.obj
c:\users\r1k\desktop\git_share\valorant\xbase\x64\debug\core.obj
c:\users\r1k\desktop\git_share\valorant\x64\debug\valorant_private_pom.ilk
c:\users\r1k\desktop\git_share\valorant\x64\debug\valorant_private_pom.exe
c:\users\r1k\desktop\git_share\valorant\x64\debug\valorant_private_pom.pdb
c:\users\r1k\desktop\git_share\valorant\xbase\x64\debug\valorant.3565e949.tlog\cl.command.1.tlog
c:\users\r1k\desktop\git_share\valorant\xbase\x64\debug\valorant.3565e949.tlog\cl.read.1.tlog
c:\users\r1k\desktop\git_share\valorant\xbase\x64\debug\valorant.3565e949.tlog\cl.write.1.tlog
c:\users\r1k\desktop\git_share\valorant\xbase\x64\debug\valorant.3565e949.tlog\link.command.1.tlog
c:\users\r1k\desktop\git_share\valorant\xbase\x64\debug\valorant.3565e949.tlog\link.read.1.tlog
c:\users\r1k\desktop\git_share\valorant\xbase\x64\debug\valorant.3565e949.tlog\link.write.1.tlog
